5月 08, 2021 7:43:55 下午 表达式求值1.Main calculate
信息: 计算 9+(3-1)*3+10/2 成功 
         结果：20.0
5月 08, 2021 7:44:04 下午 表达式求值1.Main calculate
信息: 计算 5.2*5.8/3)+2 失败
         原因：括号不匹配
5月 08, 2021 7:44:12 下午 表达式求值1.Main calculate
信息: 计算 9.235+3.2246/2.3 成功 
         结果：10.637
5月 08, 2021 7:44:19 下午 表达式求值1.Main calculate
信息: 计算 5+15*23+(235*2+6)*11 成功 
         结果：5586.0
5月 08, 2021 7:44:24 下午 表达式求值1.Main calculate
信息: 计算 45#-5 失败
         原因：出现其他字符
5月 08, 2021 7:44:29 下午 表达式求值1.Main calculate
信息: 计算 2*2-3+(3*5 失败
         原因：括号不匹配
5月 08, 2021 7:44:35 下午 表达式求值1.Main calculate
信息: 计算 1/2-1 成功 
         结果：-1.0
5月 08, 2021 7:44:40 下午 表达式求值1.Main calculate
信息: 计算 3e*2 失败
         原因：出现其他字符
5月 08, 2021 7:44:46 下午 表达式求值1.Main calculate
信息: 计算 3+5*(5+2+3*(5/5+2/(3-2)+5)%2)-2 成功 
         结果：36.0
5月 08, 2021 7:44:51 下午 表达式求值1.Main calculate
信息: 计算：3+/2-5%3 失败
         原因：两个运算符并列
5月 08, 2021 7:45:20 下午 表达式求值1.Main calculate
信息: 计算 -2+5 成功 
         结果：3.0
5月 08, 2021 7:45:45 下午 表达式求值1.Main calculate
信息: 计算 (2+3)+ 失败
         原因：运算符在最后一个
